10-09-2023 10:50:07 INFO  EmployeeServiceImpl.getEmployees(28) : Entered into getEmployees() method of EmployeeServiceImpl
10-09-2023 10:51:16 INFO  EmployeeServiceImpl.getEmployeeById(36) : Entered into getEmployeeById() method of EmployeeServiceImpl
10-09-2023 10:51:16 ERROR EmployeeServiceImpl.getEmployeeById(42) : Error has occurred in getEmployeeById {}
10-09-2023 11:49:25 INFO  EmployeeServiceImpl.addEmployee(53) : Entered into addEmployee() method of EmployeeServiceImpl
10-09-2023 11:50:57 INFO  EmployeeServiceImpl.addEmployee(53) : Entered into addEmployee() method of EmployeeServiceImpl
10-09-2023 11:52:40 INFO  EmployeeServiceImpl.addEmployee(53) : Entered into addEmployee() method of EmployeeServiceImpl
10-09-2023 11:58:58 INFO  EmployeeServiceImpl.updateEmployee(58) : Entered into updateEmployee() method of EmployeeServiceImpl
10-09-2023 11:59:12 INFO  EmployeeServiceImpl.updateEmployee(58) : Entered into updateEmployee() method of EmployeeServiceImpl
10-09-2023 12:03:15 INFO  EmployeeServiceImpl.updateEmployee(58) : Entered into updateEmployee() method of EmployeeServiceImpl
10-09-2023 12:09:25 INFO  EmployeeServiceImpl.updateEmployee(58) : Entered into updateEmployee() method of EmployeeServiceImpl
10-09-2023 12:09:25 ERROR EmployeeServiceImpl.updateEmployee(82) : Exception has occurred in updateEmployee {}
10-09-2023 12:10:19 INFO  EmployeeServiceImpl.addEmployee(53) : Entered into addEmployee() method of EmployeeServiceImpl
10-09-2023 12:11:05 INFO  EmployeeServiceImpl.updateEmployee(58) : Entered into updateEmployee() method of EmployeeServiceImpl
10-09-2023 17:14:33 INFO  EmployeeServiceImpl.addEmployee(64) : Entered into addEmployee() method of EmployeeServiceImpl
10-09-2023 17:14:59 INFO  EmployeeServiceImpl.addEmployee(64) : Entered into addEmployee() method of EmployeeServiceImpl
10-09-2023 19:05:16 INFO  EmployeeServiceImpl.getEmployees(39) : Entered into getEmployees() method of EmployeeServiceImpl
10-09-2023 23:32:05 INFO  EmployeeServiceImpl.getEmployeeById(47) : Entered into getEmployeeById() method of EmployeeServiceImpl
10-09-2023 23:47:58 INFO  EmployeeServiceImpl.getEmployeeByName(59) : Entered into getEmployeeByName() method of EmployeeServiceImpl
10-10-2023 00:30:49 INFO  EmployeeServiceImpl.addEmployee(64) : Entered into addEmployee() method of EmployeeServiceImpl
10-10-2023 00:47:37 INFO  EmployeeServiceImpl.updateEmployee(69) : Entered into updateEmployee() method of EmployeeServiceImpl
10-10-2023 01:30:44 INFO  EmployeeServiceImpl.deleteEmployee(100) : Entered into deleteEmployee() method of EmployeeServiceImpl
10-10-2023 01:31:46 INFO  EmployeeServiceImpl.deleteEmployee(100) : Entered into deleteEmployee() method of EmployeeServiceImpl
10-10-2023 01:31:53 INFO  EmployeeServiceImpl.deleteEmployee(100) : Entered into deleteEmployee() method of EmployeeServiceImpl
